C:\Program Files\Microsoft Visual Studio\2022\Community\MSBuild\Microsoft\VC\v170\Microsoft.CppBuild.targets(538,5): warning MSB8028: El directorio intermedio (C:\Users\emili\OneDrive\Desktop\Motor\Motor\build\obj\x64\Debug\) contiene archivos compartidos de otro proyecto (RayEngine.vcxproj). Esto puede dar lugar a un comportamiento incorrecto de limpieza y recompilación.
  Engine.cpp
  GUI.cpp
C:\Users\emili\OneDrive\Desktop\Motor\Motor\include\raygui.h(358,13): warning C4005: '_CRT_SECURE_NO_WARNINGS': redefinición de macro
  (compilando archivo de origen "src/GUI.cpp")
      C:\Users\emili\OneDrive\Desktop\Motor\Motor\include\raygui.h(358,13):
      '_CRT_SECURE_NO_WARNINGS' declarado previamente en la línea de comandos
  
  MenuScene.cpp
C:\Users\emili\OneDrive\Desktop\Motor\Motor\include\raygui.h(358,13): warning C4005: '_CRT_SECURE_NO_WARNINGS': redefinición de macro
  (compilando archivo de origen "src/MenuScene.cpp")
      C:\Users\emili\OneDrive\Desktop\Motor\Motor\include\raygui.h(358,13):
      '_CRT_SECURE_NO_WARNINGS' declarado previamente en la línea de comandos
  
  PlayScene.cpp
  SceneManager.cpp
  Generando código...
  main.cpp
C:\Users\emili\OneDrive\Desktop\Motor\Motor\include\raygui.h(358,13): warning C4005: '_CRT_SECURE_NO_WARNINGS': redefinición de macro
  (compilando archivo de origen "src/main.cpp")
      C:\Users\emili\OneDrive\Desktop\Motor\Motor\include\raygui.h(358,13):
      '_CRT_SECURE_NO_WARNINGS' declarado previamente en la línea de comandos
  
box2dd.lib(types.obj) : warning LNK4099: no se encontró PDB 'box2dd.pdb' con 'box2dd.lib(types.obj)' o en 'C:\Users\emili\OneDrive\Desktop\Motor\Motor\build\bin\x64\Debug\box2dd.pdb'; se vinculará el objeto sin tener en cuenta información de depuración
box2dd.lib(world.obj) : warning LNK4099: no se encontró PDB 'box2dd.pdb' con 'box2dd.lib(world.obj)' o en 'C:\Users\emili\OneDrive\Desktop\Motor\Motor\build\bin\x64\Debug\box2dd.pdb'; se vinculará el objeto sin tener en cuenta información de depuración
box2dd.lib(math_functions.obj) : warning LNK4099: no se encontró PDB 'box2dd.pdb' con 'box2dd.lib(math_functions.obj)' o en 'C:\Users\emili\OneDrive\Desktop\Motor\Motor\build\bin\x64\Debug\box2dd.pdb'; se vinculará el objeto sin tener en cuenta información de depuración
box2dd.lib(geometry.obj) : warning LNK4099: no se encontró PDB 'box2dd.pdb' con 'box2dd.lib(geometry.obj)' o en 'C:\Users\emili\OneDrive\Desktop\Motor\Motor\build\bin\x64\Debug\box2dd.pdb'; se vinculará el objeto sin tener en cuenta información de depuración
box2dd.lib(body.obj) : warning LNK4099: no se encontró PDB 'box2dd.pdb' con 'box2dd.lib(body.obj)' o en 'C:\Users\emili\OneDrive\Desktop\Motor\Motor\build\bin\x64\Debug\box2dd.pdb'; se vinculará el objeto sin tener en cuenta información de depuración
box2dd.lib(shape.obj) : warning LNK4099: no se encontró PDB 'box2dd.pdb' con 'box2dd.lib(shape.obj)' o en 'C:\Users\emili\OneDrive\Desktop\Motor\Motor\build\bin\x64\Debug\box2dd.pdb'; se vinculará el objeto sin tener en cuenta información de depuración
box2dd.lib(core.obj) : warning LNK4099: no se encontró PDB 'box2dd.pdb' con 'box2dd.lib(core.obj)' o en 'C:\Users\emili\OneDrive\Desktop\Motor\Motor\build\bin\x64\Debug\box2dd.pdb'; se vinculará el objeto sin tener en cuenta información de depuración
box2dd.lib(timer.obj) : warning LNK4099: no se encontró PDB 'box2dd.pdb' con 'box2dd.lib(timer.obj)' o en 'C:\Users\emili\OneDrive\Desktop\Motor\Motor\build\bin\x64\Debug\box2dd.pdb'; se vinculará el objeto sin tener en cuenta información de depuración
box2dd.lib(aabb.obj) : warning LNK4099: no se encontró PDB 'box2dd.pdb' con 'box2dd.lib(aabb.obj)' o en 'C:\Users\emili\OneDrive\Desktop\Motor\Motor\build\bin\x64\Debug\box2dd.pdb'; se vinculará el objeto sin tener en cuenta información de depuración
box2dd.lib(contact.obj) : warning LNK4099: no se encontró PDB 'box2dd.pdb' con 'box2dd.lib(contact.obj)' o en 'C:\Users\emili\OneDrive\Desktop\Motor\Motor\build\bin\x64\Debug\box2dd.pdb'; se vinculará el objeto sin tener en cuenta información de depuración
box2dd.lib(island.obj) : warning LNK4099: no se encontró PDB 'box2dd.pdb' con 'box2dd.lib(island.obj)' o en 'C:\Users\emili\OneDrive\Desktop\Motor\Motor\build\bin\x64\Debug\box2dd.pdb'; se vinculará el objeto sin tener en cuenta información de depuración
box2dd.lib(joint.obj) : warning LNK4099: no se encontró PDB 'box2dd.pdb' con 'box2dd.lib(joint.obj)' o en 'C:\Users\emili\OneDrive\Desktop\Motor\Motor\build\bin\x64\Debug\box2dd.pdb'; se vinculará el objeto sin tener en cuenta información de depuración
box2dd.lib(sensor.obj) : warning LNK4099: no se encontró PDB 'box2dd.pdb' con 'box2dd.lib(sensor.obj)' o en 'C:\Users\emili\OneDrive\Desktop\Motor\Motor\build\bin\x64\Debug\box2dd.pdb'; se vinculará el objeto sin tener en cuenta información de depuración
box2dd.lib(solver_set.obj) : warning LNK4099: no se encontró PDB 'box2dd.pdb' con 'box2dd.lib(solver_set.obj)' o en 'C:\Users\emili\OneDrive\Desktop\Motor\Motor\build\bin\x64\Debug\box2dd.pdb'; se vinculará el objeto sin tener en cuenta información de depuración
box2dd.lib(bitset.obj) : warning LNK4099: no se encontró PDB 'box2dd.pdb' con 'box2dd.lib(bitset.obj)' o en 'C:\Users\emili\OneDrive\Desktop\Motor\Motor\build\bin\x64\Debug\box2dd.pdb'; se vinculará el objeto sin tener en cuenta información de depuración
box2dd.lib(table.obj) : warning LNK4099: no se encontró PDB 'box2dd.pdb' con 'box2dd.lib(table.obj)' o en 'C:\Users\emili\OneDrive\Desktop\Motor\Motor\build\bin\x64\Debug\box2dd.pdb'; se vinculará el objeto sin tener en cuenta información de depuración
box2dd.lib(distance.obj) : warning LNK4099: no se encontró PDB 'box2dd.pdb' con 'box2dd.lib(distance.obj)' o en 'C:\Users\emili\OneDrive\Desktop\Motor\Motor\build\bin\x64\Debug\box2dd.pdb'; se vinculará el objeto sin tener en cuenta información de depuración
box2dd.lib(dynamic_tree.obj) : warning LNK4099: no se encontró PDB 'box2dd.pdb' con 'box2dd.lib(dynamic_tree.obj)' o en 'C:\Users\emili\OneDrive\Desktop\Motor\Motor\build\bin\x64\Debug\box2dd.pdb'; se vinculará el objeto sin tener en cuenta información de depuración
box2dd.lib(broad_phase.obj) : warning LNK4099: no se encontró PDB 'box2dd.pdb' con 'box2dd.lib(broad_phase.obj)' o en 'C:\Users\emili\OneDrive\Desktop\Motor\Motor\build\bin\x64\Debug\box2dd.pdb'; se vinculará el objeto sin tener en cuenta información de depuración
box2dd.lib(constraint_graph.obj) : warning LNK4099: no se encontró PDB 'box2dd.pdb' con 'box2dd.lib(constraint_graph.obj)' o en 'C:\Users\emili\OneDrive\Desktop\Motor\Motor\build\bin\x64\Debug\box2dd.pdb'; se vinculará el objeto sin tener en cuenta información de depuración
box2dd.lib(id_pool.obj) : warning LNK4099: no se encontró PDB 'box2dd.pdb' con 'box2dd.lib(id_pool.obj)' o en 'C:\Users\emili\OneDrive\Desktop\Motor\Motor\build\bin\x64\Debug\box2dd.pdb'; se vinculará el objeto sin tener en cuenta información de depuración
box2dd.lib(arena_allocator.obj) : warning LNK4099: no se encontró PDB 'box2dd.pdb' con 'box2dd.lib(arena_allocator.obj)' o en 'C:\Users\emili\OneDrive\Desktop\Motor\Motor\build\bin\x64\Debug\box2dd.pdb'; se vinculará el objeto sin tener en cuenta información de depuración
box2dd.lib(solver.obj) : warning LNK4099: no se encontró PDB 'box2dd.pdb' con 'box2dd.lib(solver.obj)' o en 'C:\Users\emili\OneDrive\Desktop\Motor\Motor\build\bin\x64\Debug\box2dd.pdb'; se vinculará el objeto sin tener en cuenta información de depuración
box2dd.lib(hull.obj) : warning LNK4099: no se encontró PDB 'box2dd.pdb' con 'box2dd.lib(hull.obj)' o en 'C:\Users\emili\OneDrive\Desktop\Motor\Motor\build\bin\x64\Debug\box2dd.pdb'; se vinculará el objeto sin tener en cuenta información de depuración
box2dd.lib(manifold.obj) : warning LNK4099: no se encontró PDB 'box2dd.pdb' con 'box2dd.lib(manifold.obj)' o en 'C:\Users\emili\OneDrive\Desktop\Motor\Motor\build\bin\x64\Debug\box2dd.pdb'; se vinculará el objeto sin tener en cuenta información de depuración
box2dd.lib(array.obj) : warning LNK4099: no se encontró PDB 'box2dd.pdb' con 'box2dd.lib(array.obj)' o en 'C:\Users\emili\OneDrive\Desktop\Motor\Motor\build\bin\x64\Debug\box2dd.pdb'; se vinculará el objeto sin tener en cuenta información de depuración
box2dd.lib(distance_joint.obj) : warning LNK4099: no se encontró PDB 'box2dd.pdb' con 'box2dd.lib(distance_joint.obj)' o en 'C:\Users\emili\OneDrive\Desktop\Motor\Motor\build\bin\x64\Debug\box2dd.pdb'; se vinculará el objeto sin tener en cuenta información de depuración
box2dd.lib(motor_joint.obj) : warning LNK4099: no se encontró PDB 'box2dd.pdb' con 'box2dd.lib(motor_joint.obj)' o en 'C:\Users\emili\OneDrive\Desktop\Motor\Motor\build\bin\x64\Debug\box2dd.pdb'; se vinculará el objeto sin tener en cuenta información de depuración
box2dd.lib(mouse_joint.obj) : warning LNK4099: no se encontró PDB 'box2dd.pdb' con 'box2dd.lib(mouse_joint.obj)' o en 'C:\Users\emili\OneDrive\Desktop\Motor\Motor\build\bin\x64\Debug\box2dd.pdb'; se vinculará el objeto sin tener en cuenta información de depuración
box2dd.lib(prismatic_joint.obj) : warning LNK4099: no se encontró PDB 'box2dd.pdb' con 'box2dd.lib(prismatic_joint.obj)' o en 'C:\Users\emili\OneDrive\Desktop\Motor\Motor\build\bin\x64\Debug\box2dd.pdb'; se vinculará el objeto sin tener en cuenta información de depuración
box2dd.lib(revolute_joint.obj) : warning LNK4099: no se encontró PDB 'box2dd.pdb' con 'box2dd.lib(revolute_joint.obj)' o en 'C:\Users\emili\OneDrive\Desktop\Motor\Motor\build\bin\x64\Debug\box2dd.pdb'; se vinculará el objeto sin tener en cuenta información de depuración
box2dd.lib(weld_joint.obj) : warning LNK4099: no se encontró PDB 'box2dd.pdb' con 'box2dd.lib(weld_joint.obj)' o en 'C:\Users\emili\OneDrive\Desktop\Motor\Motor\build\bin\x64\Debug\box2dd.pdb'; se vinculará el objeto sin tener en cuenta información de depuración
box2dd.lib(wheel_joint.obj) : warning LNK4099: no se encontró PDB 'box2dd.pdb' con 'box2dd.lib(wheel_joint.obj)' o en 'C:\Users\emili\OneDrive\Desktop\Motor\Motor\build\bin\x64\Debug\box2dd.pdb'; se vinculará el objeto sin tener en cuenta información de depuración
box2dd.lib(contact_solver.obj) : warning LNK4099: no se encontró PDB 'box2dd.pdb' con 'box2dd.lib(contact_solver.obj)' o en 'C:\Users\emili\OneDrive\Desktop\Motor\Motor\build\bin\x64\Debug\box2dd.pdb'; se vinculará el objeto sin tener en cuenta información de depuración
  Motor.vcxproj -> C:\Users\emili\OneDrive\Desktop\Motor\Motor\build\bin\x64\Debug\Motor.exe
  "pwsh.exe" no se reconoce como un comando interno o externo,
  programa o archivo por lotes ejecutable.
  C:\Users\emili\OneDrive\Desktop\Motor\Motor\assets\fonts\Roboto-Regular.ttf
  C:\Users\emili\OneDrive\Desktop\Motor\Motor\assets\json\p_objects.json
  C:\Users\emili\OneDrive\Desktop\Motor\Motor\assets\json\p_objects.json.bak
  C:\Users\emili\OneDrive\Desktop\Motor\Motor\assets\music\menu.ogg
  C:\Users\emili\OneDrive\Desktop\Motor\Motor\assets\textures\apple.png
  C:\Users\emili\OneDrive\Desktop\Motor\Motor\assets\textures\space_shipt.png
  6 archivo(s) copiado(s)
