c:\users\emili\onedrive\desktop\motor\motor\build\obj\x64\debug\vc143.pdb
c:\users\emili\onedrive\desktop\motor\motor\build\obj\x64\debug\vc143.idb
c:\users\emili\onedrive\desktop\motor\motor\build\obj\x64\debug\scenemanager.obj
c:\users\emili\onedrive\desktop\motor\motor\build\obj\x64\debug\playscene.obj
c:\users\emili\onedrive\desktop\motor\motor\build\obj\x64\debug\menuscene.obj
c:\users\emili\onedrive\desktop\motor\motor\build\obj\x64\debug\gui.obj
c:\users\emili\onedrive\desktop\motor\motor\build\obj\x64\debug\engine.obj
c:\users\emili\onedrive\desktop\motor\motor\build\obj\x64\debug\instructionsscene.obj
c:\users\emili\onedrive\desktop\motor\motor\build\obj\x64\debug\flappybirdscene.obj
c:\users\emili\onedrive\desktop\motor\motor\build\obj\x64\debug\gameoverscene.obj
c:\users\emili\onedrive\desktop\motor\motor\build\obj\x64\debug\main.obj
c:\users\emili\source\repos\motor\motor\build\bin\x64\debug\raylib.dll
c:\users\emili\source\repos\motor\motor\build\bin\x64\debug\glfw3.dll
c:\users\emili\onedrive\desktop\motor\motor\build\bin\x64\debug\raylib.dll
c:\users\emili\onedrive\desktop\motor\motor\build\bin\x64\debug\glfw3.dll
c:\users\emili\onedrive\desktop\motor\motor\build\obj\x64\debug\motor.ilk
c:\users\emili\onedrive\desktop\motor\motor\build\obj\x64\debug\ball.obj
c:\users\emili\onedrive\desktop\motor\motor\build\obj\x64\debug\scenebase.obj
c:\users\emili\onedrive\desktop\motor\motor\build\bin\x64\debug\motor.pdb
c:\users\emili\onedrive\desktop\motor\motor\build\obj\x64\debug\motor.vcxproj.filelistabsolute.txt
c:\users\emili\onedrive\desktop\motor\motor\build\obj\x64\debug\motor.tlog\cl.command.1.tlog
c:\users\emili\onedrive\desktop\motor\motor\build\obj\x64\debug\motor.tlog\cl.items.tlog
c:\users\emili\onedrive\desktop\motor\motor\build\obj\x64\debug\motor.tlog\cl.read.1.tlog
c:\users\emili\onedrive\desktop\motor\motor\build\obj\x64\debug\motor.tlog\cl.write.1.tlog
c:\users\emili\onedrive\desktop\motor\motor\build\obj\x64\debug\motor.tlog\link-cvtres.read.1.tlog
c:\users\emili\onedrive\desktop\motor\motor\build\obj\x64\debug\motor.tlog\link-cvtres.write.1.tlog
c:\users\emili\onedrive\desktop\motor\motor\build\obj\x64\debug\motor.tlog\link-rc.read.1.tlog
c:\users\emili\onedrive\desktop\motor\motor\build\obj\x64\debug\motor.tlog\link-rc.write.1.tlog
c:\users\emili\onedrive\desktop\motor\motor\build\obj\x64\debug\motor.tlog\link.command.1.tlog
c:\users\emili\onedrive\desktop\motor\motor\build\obj\x64\debug\motor.tlog\link.read.1.tlog
c:\users\emili\onedrive\desktop\motor\motor\build\obj\x64\debug\motor.tlog\link.read.2.tlog
c:\users\emili\onedrive\desktop\motor\motor\build\obj\x64\debug\motor.tlog\link.read.3.tlog
c:\users\emili\onedrive\desktop\motor\motor\build\obj\x64\debug\motor.tlog\link.read.4.tlog
c:\users\emili\onedrive\desktop\motor\motor\build\obj\x64\debug\motor.tlog\link.secondary.1.tlog
c:\users\emili\onedrive\desktop\motor\motor\build\obj\x64\debug\motor.tlog\link.write.1.tlog
c:\users\emili\onedrive\desktop\motor\motor\build\obj\x64\debug\motor.tlog\motor.write.1u.tlog
